shfmt hasn't downloaded yet!Error: ENOENT: no such file or directory, stat '/home/ns3/.vscode/extensions/foxundermoon.shell-format-7.0.1/bin/shfmt_v3.0.1_linux_amd64'
Shfmt will be downloaded automatically!
download url: https://github.com/mvdan/sh/releases/download/v3.0.1/shfmt_v3.0.1_linux_amd64
download to: /home/ns3/.vscode/extensions/foxundermoon.shell-format-7.0.1/bin/shfmt_v3.0.1_linux_amd64
If the download fails, you can manually download it to the dest directory.
Or download to another directory, and then set the "shellformat.path" as the path
download shfmt page: https://github.com/mvdan/sh/releases
You can't use this plugin until the download is successful.
downloaded:[0.54%]
downloaded:[0.56%]
downloaded:[1.10%]
downloaded:[1.14%]
downloaded:[1.68%]
downloaded:[1.72%]
downloaded:[2.26%]
downloaded:[2.29%]
downloaded:[2.84%]
downloaded:[2.87%]
downloaded:[3.41%]
downloaded:[3.45%]
downloaded:[3.99%]
downloaded:[4.03%]
downloaded:[4.57%]
downloaded:[4.60%]
downloaded:[5.15%]
downloaded:[5.18%]
downloaded:[5.72%]
downloaded:[5.76%]
downloaded:[6.30%]
downloaded:[6.34%]
downloaded:[6.88%]
downloaded:[6.91%]
downloaded:[7.46%]
downloaded:[7.49%]
downloaded:[8.03%]
downloaded:[8.07%]
downloaded:[8.61%]
downloaded:[8.65%]
downloaded:[9.19%]
downloaded:[9.22%]
downloaded:[9.77%]
downloaded:[9.80%]
downloaded:[10.34%]
downloaded:[10.38%]
downloaded:[10.92%]
downloaded:[10.96%]
downloaded:[11.50%]
downloaded:[11.53%]
downloaded:[12.08%]
downloaded:[12.11%]
downloaded:[12.65%]
downloaded:[12.69%]
downloaded:[13.23%]
downloaded:[13.27%]
downloaded:[13.81%]
downloaded:[13.84%]
downloaded:[14.39%]
downloaded:[14.42%]
downloaded:[14.96%]
downloaded:[15.00%]
downloaded:[15.54%]
downloaded:[15.58%]
downloaded:[16.12%]
downloaded:[16.15%]
downloaded:[16.70%]
downloaded:[16.73%]
downloaded:[17.27%]
downloaded:[17.31%]
downloaded:[17.85%]
downloaded:[17.89%]
downloaded:[18.43%]
downloaded:[18.46%]
downloaded:[19.01%]
downloaded:[19.04%]
downloaded:[19.58%]
downloaded:[19.62%]
downloaded:[20.16%]
downloaded:[20.20%]
downloaded:[20.74%]
downloaded:[20.77%]
downloaded:[21.32%]
downloaded:[21.35%]
downloaded:[21.89%]
downloaded:[21.93%]
downloaded:[22.47%]
downloaded:[22.51%]
downloaded:[23.05%]
downloaded:[23.08%]
downloaded:[23.63%]
downloaded:[23.66%]
downloaded:[24.20%]
downloaded:[24.24%]
downloaded:[24.78%]
downloaded:[24.81%]
downloaded:[25.36%]
downloaded:[25.39%]
downloaded:[25.93%]
downloaded:[25.97%]
downloaded:[26.51%]
downloaded:[26.55%]
downloaded:[27.09%]
downloaded:[27.12%]
downloaded:[27.67%]
downloaded:[27.70%]
downloaded:[28.24%]
downloaded:[28.28%]
downloaded:[28.82%]
downloaded:[28.86%]
downloaded:[29.40%]
downloaded:[29.43%]
downloaded:[29.98%]
downloaded:[30.01%]
downloaded:[30.55%]
downloaded:[30.59%]
downloaded:[31.13%]
downloaded:[31.17%]
downloaded:[31.71%]
downloaded:[31.74%]
downloaded:[32.29%]
downloaded:[32.32%]
downloaded:[32.86%]
downloaded:[32.90%]
downloaded:[33.44%]
downloaded:[33.48%]
downloaded:[34.02%]
downloaded:[34.05%]
downloaded:[34.60%]
downloaded:[34.63%]
downloaded:[35.17%]
downloaded:[35.21%]
downloaded:[35.75%]
downloaded:[35.79%]
downloaded:[36.33%]
downloaded:[36.36%]
downloaded:[36.91%]
downloaded:[36.94%]
downloaded:[37.48%]
downloaded:[37.52%]
downloaded:[38.06%]
downloaded:[38.10%]
downloaded:[38.64%]
downloaded:[38.67%]
downloaded:[39.22%]
downloaded:[39.25%]
downloaded:[39.79%]
downloaded:[39.83%]
downloaded:[40.37%]
downloaded:[40.41%]
downloaded:[40.95%]
downloaded:[40.98%]
downloaded:[41.53%]
downloaded:[41.56%]
downloaded:[42.10%]
downloaded:[42.14%]
downloaded:[42.68%]
downloaded:[42.72%]
downloaded:[43.26%]
downloaded:[43.29%]
downloaded:[43.84%]
downloaded:[43.87%]
downloaded:[44.41%]
downloaded:[44.45%]
downloaded:[44.99%]
downloaded:[45.03%]
downloaded:[45.57%]
downloaded:[45.60%]
downloaded:[46.15%]
downloaded:[46.18%]
downloaded:[46.72%]
downloaded:[46.76%]
downloaded:[47.30%]
downloaded:[47.34%]
downloaded:[47.88%]
downloaded:[47.91%]
downloaded:[48.46%]
downloaded:[48.49%]
downloaded:[49.03%]
downloaded:[49.07%]
downloaded:[49.61%]
downloaded:[49.65%]
downloaded:[50.19%]
downloaded:[50.22%]
downloaded:[50.77%]
downloaded:[50.80%]
downloaded:[51.34%]
downloaded:[51.38%]
downloaded:[51.92%]
downloaded:[51.95%]
downloaded:[52.50%]
downloaded:[52.53%]
downloaded:[53.07%]
downloaded:[53.11%]
downloaded:[53.65%]
downloaded:[53.69%]
downloaded:[54.23%]
downloaded:[54.26%]
downloaded:[54.81%]
downloaded:[54.84%]
downloaded:[55.38%]
downloaded:[55.42%]
downloaded:[55.96%]
downloaded:[56.00%]
downloaded:[56.54%]
downloaded:[56.57%]
downloaded:[57.12%]
downloaded:[57.15%]
downloaded:[57.69%]
downloaded:[57.73%]
downloaded:[58.27%]
downloaded:[58.31%]
downloaded:[58.85%]
downloaded:[58.88%]
downloaded:[59.43%]
downloaded:[59.46%]
downloaded:[60.00%]
downloaded:[60.04%]
downloaded:[60.58%]
downloaded:[60.62%]
downloaded:[61.16%]
downloaded:[61.19%]
downloaded:[61.74%]
downloaded:[61.77%]
downloaded:[62.31%]
downloaded:[62.35%]
downloaded:[62.89%]
downloaded:[62.93%]
downloaded:[63.47%]
downloaded:[63.50%]
downloaded:[64.05%]
downloaded:[64.08%]
downloaded:[64.62%]
downloaded:[64.66%]
downloaded:[65.20%]
downloaded:[65.24%]
downloaded:[65.78%]
downloaded:[65.81%]
downloaded:[66.36%]
downloaded:[66.39%]
downloaded:[66.93%]
downloaded:[66.97%]
downloaded:[67.51%]
downloaded:[67.55%]
downloaded:[68.09%]
downloaded:[68.12%]
downloaded:[68.67%]
downloaded:[68.70%]
downloaded:[69.24%]
downloaded:[69.28%]
downloaded:[69.82%]
downloaded:[69.86%]
downloaded:[70.40%]
downloaded:[70.43%]
downloaded:[70.98%]
downloaded:[71.01%]
downloaded:[71.55%]
downloaded:[71.59%]
downloaded:[72.13%]
downloaded:[72.17%]
downloaded:[72.71%]
downloaded:[72.74%]
downloaded:[73.29%]
downloaded:[73.32%]
downloaded:[73.86%]
downloaded:[73.90%]
downloaded:[74.44%]
downloaded:[74.48%]
downloaded:[75.02%]
downloaded:[75.05%]
downloaded:[75.60%]
downloaded:[75.63%]
downloaded:[76.17%]
downloaded:[76.21%]
downloaded:[76.75%]
downloaded:[76.78%]
downloaded:[77.33%]
downloaded:[77.36%]
downloaded:[77.91%]
downloaded:[77.94%]
downloaded:[78.48%]
downloaded:[78.52%]
downloaded:[79.06%]
downloaded:[79.09%]
downloaded:[79.64%]
downloaded:[79.67%]
downloaded:[80.21%]
downloaded:[80.25%]
downloaded:[80.79%]
downloaded:[80.83%]
downloaded:[81.37%]
downloaded:[81.91%]
downloaded:[82.46%]
downloaded:[83.00%]
downloaded:[83.54%]
downloaded:[84.08%]
downloaded:[84.63%]
downloaded:[85.17%]
downloaded:[85.71%]
downloaded:[86.25%]
downloaded:[86.80%]
downloaded:[87.34%]
downloaded:[87.88%]
downloaded:[88.42%]
downloaded:[88.97%]
downloaded:[89.51%]
downloaded:[89.52%]
downloaded:[90.07%]
downloaded:[90.61%]
downloaded:[91.15%]
downloaded:[91.69%]
downloaded:[92.24%]
downloaded:[92.78%]
downloaded:[93.32%]
downloaded:[93.86%]
downloaded:[94.41%]
downloaded:[94.95%]
downloaded:[95.49%]
downloaded:[96.03%]
downloaded:[96.58%]
downloaded:[97.12%]
downloaded:[97.66%]
downloaded:[98.21%]
downloaded:[98.22%]
downloaded:[98.76%]
downloaded:[99.30%]
downloaded:[99.85%]
downloaded:[100.00%]
download success, You can use it successfully!
Suggestions or issues can be submitted here https://git.io/vsshell-issues
